[debug] [2020-09-29T23:04:29.931Z] ----------------------------------------------------------------------
[debug] [2020-09-29T23:04:29.933Z] Command:       /Users/jacobhammerle/.nvm/versions/node/v12.14.1/bin/node /Users/jacobhammerle/.nvm/versions/node/v12.14.1/bin/firebase emulators:start --only functions
[debug] [2020-09-29T23:04:29.934Z] CLI Version:   8.11.2
[debug] [2020-09-29T23:04:29.934Z] Platform:      darwin
[debug] [2020-09-29T23:04:29.934Z] Node Version:  v12.14.1
[debug] [2020-09-29T23:04:29.935Z] Time:          Tue Sep 29 2020 19:04:29 GMT-0400 (Eastern Daylight Time)
[debug] [2020-09-29T23:04:29.935Z] ----------------------------------------------------------------------
[debug] [2020-09-29T23:04:29.935Z] 
[debug] [2020-09-29T23:04:29.948Z] > command requires scopes: ["email","openid","https://www.googleapis.com/auth/cloudplatformprojects.readonly","https://www.googleapis.com/auth/firebase","https://www.googleapis.com/auth/cloud-platform"]
[debug] [2020-09-29T23:04:29.949Z] > authorizing via signed-in user
[info] i  emulators: Starting emulators: functions {"metadata":{"emulator":{"name":"hub"},"message":"Starting emulators: functions"}}
[debug] [2020-09-29T23:04:29.978Z] [hub] writing locator at /var/folders/2t/psj9l4bj175bfpmldx_82xzh0000gn/T/hub-slushie-314.json
[warn] ⚠  functions: The following emulators are not running, calls to these services from the Functions emulator will affect production: auth, firestore, database, hosting, pubsub {"metadata":{"emulator":{"name":"functions"},"message":"The following emulators are not running, calls to these services from the Functions emulator will affect production: \u001b[1mauth, firestore, database, hosting, pubsub\u001b[22m"}}
[warn] ⚠  Your requested "node" version "10" doesn't match your global version "12" {"metadata":{"emulator":{"name":"functions"},"message":"Your requested \"node\" version \"10\" doesn't match your global version \"12\""}}
[debug] [2020-09-29T23:04:30.017Z] defaultcredentials: writing to file /Users/jacobhammerle/.config/firebase/jacob_hammerle_us_application_default_credentials.json
[debug] [2020-09-29T23:04:30.019Z] Setting GAC to /Users/jacobhammerle/.config/firebase/jacob_hammerle_us_application_default_credentials.json {"metadata":{"emulator":{"name":"functions"},"message":"Setting GAC to /Users/jacobhammerle/.config/firebase/jacob_hammerle_us_application_default_credentials.json"}}
[warn] ⚠  ui: Emulator UI unable to start on port 4000, starting on 4001 instead. {"metadata":{"emulator":{"name":"ui"},"message":"Emulator UI unable to start on port 4000, starting on 4001 instead."}}
[debug] [2020-09-29T23:04:30.547Z] Ignoring unsupported arg: auto_download {"metadata":{"emulator":{"name":"ui"},"message":"Ignoring unsupported arg: auto_download"}}
[debug] [2020-09-29T23:04:30.547Z] Ignoring unsupported arg: port {"metadata":{"emulator":{"name":"ui"},"message":"Ignoring unsupported arg: port"}}
[debug] [2020-09-29T23:04:30.547Z] Starting Emulator UI with command {"binary":"node","args":["/Users/jacobhammerle/.cache/firebase/emulators/ui-v1.1.1/server.bundle.js"],"optionalArgs":[],"joinArgs":false} {"metadata":{"emulator":{"name":"ui"},"message":"Starting Emulator UI with command {\"binary\":\"node\",\"args\":[\"/Users/jacobhammerle/.cache/firebase/emulators/ui-v1.1.1/server.bundle.js\"],\"optionalArgs\":[],\"joinArgs\":false}"}}
[info] i  ui: Emulator UI logging to ui-debug.log {"metadata":{"emulator":{"name":"ui"},"message":"Emulator UI logging to \u001b[1mui-debug.log\u001b[22m"}}
[debug] [2020-09-29T23:04:30.657Z] Web / API server started at http://localhost:4001
 {"metadata":{"emulator":{"name":"ui"},"message":"Web / API server started at http://localhost:4001\n"}}
[info] i  functions: Watching "/Users/jacobhammerle/Desktop/slushie/functions" for Cloud Functions... {"metadata":{"emulator":{"name":"functions"},"message":"Watching \"/Users/jacobhammerle/Desktop/slushie/functions\" for Cloud Functions..."}}
[debug] [2020-09-29T23:04:30.822Z] [worker-pool] addWorker(~diagnostic~) {"metadata":{"emulator":{"name":"functions"},"message":"[worker-pool] addWorker(~diagnostic~)"}}
[debug] [2020-09-29T23:04:30.823Z] [worker-pool] Adding worker with key ~diagnostic~, total=1 {"metadata":{"emulator":{"name":"functions"},"message":"[worker-pool] Adding worker with key ~diagnostic~, total=1"}}
[debug] [2020-09-29T23:04:30.823Z] [worker-pool] submitWork(triggerId=) {"metadata":{"emulator":{"name":"functions"},"message":"[worker-pool] submitWork(triggerId=)"}}
[debug] [2020-09-29T23:04:30.823Z] [worker-~diagnostic~-16beea01-09e2-401a-af5a-a8518b57fa12]: Assigning socketPath: /var/folders/2t/psj9l4bj175bfpmldx_82xzh0000gn/T/fire_emu_90537.sock {"metadata":{"emulator":{"name":"functions"},"message":"[worker-~diagnostic~-16beea01-09e2-401a-af5a-a8518b57fa12]: Assigning socketPath: /var/folders/2t/psj9l4bj175bfpmldx_82xzh0000gn/T/fire_emu_90537.sock"}}
[debug] [2020-09-29T23:04:30.823Z] [worker-~diagnostic~-16beea01-09e2-401a-af5a-a8518b57fa12]: BUSY {"metadata":{"emulator":{"name":"functions"},"message":"[worker-~diagnostic~-16beea01-09e2-401a-af5a-a8518b57fa12]: BUSY"}}
[debug] [2020-09-29T23:04:31.059Z] [runtime-status] [90537] Functions runtime initialized. {"cwd":"/Users/jacobhammerle/Desktop/slushie/functions","node_version":"12.14.1"} {"metadata":{"emulator":{"name":"functions"},"message":"[runtime-status] [90537] Functions runtime initialized. {\"cwd\":\"/Users/jacobhammerle/Desktop/slushie/functions\",\"node_version\":\"12.14.1\"}"}}
[debug] [2020-09-29T23:04:31.060Z] [runtime-status] [90537] Disabled runtime features: undefined {"metadata":{"emulator":{"name":"functions"},"message":"[runtime-status] [90537] Disabled runtime features: undefined"}}
[debug] [2020-09-29T23:04:31.063Z] [runtime-status] [90537] Resolved module firebase-admin {"declared":true,"installed":true,"version":"8.13.0","resolution":"/Users/jacobhammerle/Desktop/slushie/functions/node_modules/firebase-admin/lib/index.js"} {"metadata":{"emulator":{"name":"functions"},"message":"[runtime-status] [90537] Resolved module firebase-admin {\"declared\":true,\"installed\":true,\"version\":\"8.13.0\",\"resolution\":\"/Users/jacobhammerle/Desktop/slushie/functions/node_modules/firebase-admin/lib/index.js\"}"}}
[debug] [2020-09-29T23:04:31.063Z] [runtime-status] [90537] Resolved module firebase-functions {"declared":true,"installed":true,"version":"3.11.0","resolution":"/Users/jacobhammerle/Desktop/slushie/functions/node_modules/firebase-functions/lib/index.js"} {"metadata":{"emulator":{"name":"functions"},"message":"[runtime-status] [90537] Resolved module firebase-functions {\"declared\":true,\"installed\":true,\"version\":\"3.11.0\",\"resolution\":\"/Users/jacobhammerle/Desktop/slushie/functions/node_modules/firebase-functions/lib/index.js\"}"}}
[debug] [2020-09-29T23:04:31.064Z] [runtime-status] [90537] Resolved module firebase-functions {"declared":true,"installed":true,"version":"3.11.0","resolution":"/Users/jacobhammerle/Desktop/slushie/functions/node_modules/firebase-functions/lib/index.js"} {"metadata":{"emulator":{"name":"functions"},"message":"[runtime-status] [90537] Resolved module firebase-functions {\"declared\":true,\"installed\":true,\"version\":\"3.11.0\",\"resolution\":\"/Users/jacobhammerle/Desktop/slushie/functions/node_modules/firebase-functions/lib/index.js\"}"}}
[debug] [2020-09-29T23:04:31.066Z] [runtime-status] [90537] Outgoing network have been stubbed. [{"name":"http","status":"mocked"},{"name":"http","status":"mocked"},{"name":"https","status":"mocked"},{"name":"https","status":"mocked"},{"name":"net","status":"mocked"}] {"metadata":{"emulator":{"name":"functions"},"message":"[runtime-status] [90537] Outgoing network have been stubbed. [{\"name\":\"http\",\"status\":\"mocked\"},{\"name\":\"http\",\"status\":\"mocked\"},{\"name\":\"https\",\"status\":\"mocked\"},{\"name\":\"https\",\"status\":\"mocked\"},{\"name\":\"net\",\"status\":\"mocked\"}]"}}
[debug] [2020-09-29T23:04:31.069Z] [runtime-status] [90537] Resolved module firebase-functions {"declared":true,"installed":true,"version":"3.11.0","resolution":"/Users/jacobhammerle/Desktop/slushie/functions/node_modules/firebase-functions/lib/index.js"} {"metadata":{"emulator":{"name":"functions"},"message":"[runtime-status] [90537] Resolved module firebase-functions {\"declared\":true,\"installed\":true,\"version\":\"3.11.0\",\"resolution\":\"/Users/jacobhammerle/Desktop/slushie/functions/node_modules/firebase-functions/lib/index.js\"}"}}
[debug] [2020-09-29T23:04:31.095Z] [runtime-status] [90537] Checked functions.config() {"config":{}} {"metadata":{"emulator":{"name":"functions"},"message":"[runtime-status] [90537] Checked functions.config() {\"config\":{}}"}}
[debug] [2020-09-29T23:04:31.096Z] [runtime-status] [90537] firebase-functions has been stubbed. {"functionsResolution":{"declared":true,"installed":true,"version":"3.11.0","resolution":"/Users/jacobhammerle/Desktop/slushie/functions/node_modules/firebase-functions/lib/index.js"}} {"metadata":{"emulator":{"name":"functions"},"message":"[runtime-status] [90537] firebase-functions has been stubbed. {\"functionsResolution\":{\"declared\":true,\"installed\":true,\"version\":\"3.11.0\",\"resolution\":\"/Users/jacobhammerle/Desktop/slushie/functions/node_modules/firebase-functions/lib/index.js\"}}"}}
[debug] [2020-09-29T23:04:31.096Z] [runtime-status] [90537] Resolved module firebase-functions {"declared":true,"installed":true,"version":"3.11.0","resolution":"/Users/jacobhammerle/Desktop/slushie/functions/node_modules/firebase-functions/lib/index.js"} {"metadata":{"emulator":{"name":"functions"},"message":"[runtime-status] [90537] Resolved module firebase-functions {\"declared\":true,\"installed\":true,\"version\":\"3.11.0\",\"resolution\":\"/Users/jacobhammerle/Desktop/slushie/functions/node_modules/firebase-functions/lib/index.js\"}"}}
[debug] [2020-09-29T23:04:31.096Z] [runtime-status] [90537] Resolved module firebase-admin {"declared":true,"installed":true,"version":"8.13.0","resolution":"/Users/jacobhammerle/Desktop/slushie/functions/node_modules/firebase-admin/lib/index.js"} {"metadata":{"emulator":{"name":"functions"},"message":"[runtime-status] [90537] Resolved module firebase-admin {\"declared\":true,\"installed\":true,\"version\":\"8.13.0\",\"resolution\":\"/Users/jacobhammerle/Desktop/slushie/functions/node_modules/firebase-admin/lib/index.js\"}"}}
[debug] [2020-09-29T23:04:31.097Z] [runtime-status] [90537] Resolved module firebase-functions {"declared":true,"installed":true,"version":"3.11.0","resolution":"/Users/jacobhammerle/Desktop/slushie/functions/node_modules/firebase-functions/lib/index.js"} {"metadata":{"emulator":{"name":"functions"},"message":"[runtime-status] [90537] Resolved module firebase-functions {\"declared\":true,\"installed\":true,\"version\":\"3.11.0\",\"resolution\":\"/Users/jacobhammerle/Desktop/slushie/functions/node_modules/firebase-functions/lib/index.js\"}"}}
[debug] [2020-09-29T23:04:31.097Z] [runtime-status] [90537] firebase-admin has been stubbed. {"adminResolution":{"declared":true,"installed":true,"version":"8.13.0","resolution":"/Users/jacobhammerle/Desktop/slushie/functions/node_modules/firebase-admin/lib/index.js"}} {"metadata":{"emulator":{"name":"functions"},"message":"[runtime-status] [90537] firebase-admin has been stubbed. {\"adminResolution\":{\"declared\":true,\"installed\":true,\"version\":\"8.13.0\",\"resolution\":\"/Users/jacobhammerle/Desktop/slushie/functions/node_modules/firebase-admin/lib/index.js\"}}"}}
[info] ✔  functions[createUser]: http function initialized (http://localhost:5001/slushie-314/us-central1/createUser). {"metadata":{"emulator":{"name":"functions"},"message":"\u001b[1mhttp\u001b[22m function initialized (http://localhost:5001/slushie-314/us-central1/createUser)."}}
[info] ✔  functions[getUserTransactions]: http function initialized (http://localhost:5001/slushie-314/us-central1/getUserTransactions). {"metadata":{"emulator":{"name":"functions"},"message":"\u001b[1mhttp\u001b[22m function initialized (http://localhost:5001/slushie-314/us-central1/getUserTransactions)."}}
[info] 
┌───────────────────────────────────────────────────────────────────────┐
│ ✔  All emulators ready! View status and logs at http://localhost:4001 │
└───────────────────────────────────────────────────────────────────────┘

┌───────────┬────────────────┬─────────────────────────────────┐
│ Emulator  │ Host:Port      │ View in Emulator UI             │
├───────────┼────────────────┼─────────────────────────────────┤
│ Functions │ localhost:5001 │ http://localhost:4001/functions │
└───────────┴────────────────┴─────────────────────────────────┘
  Other reserved ports: 4400, 4500

Issues? Report them at https://github.com/firebase/firebase-tools/issues and attach the *-debug.log files.
 
[debug] [2020-09-29T23:04:31.138Z] [worker-~diagnostic~-16beea01-09e2-401a-af5a-a8518b57fa12]: IDLE {"metadata":{"emulator":{"name":"functions"},"message":"[worker-~diagnostic~-16beea01-09e2-401a-af5a-a8518b57fa12]: IDLE"}}
[debug] [2020-09-29T23:04:41.400Z] File /Users/jacobhammerle/Desktop/slushie/functions/lib/getUserTransactions.js changed, reloading triggers {"metadata":{"emulator":{"name":"functions"},"message":"File /Users/jacobhammerle/Desktop/slushie/functions/lib/getUserTransactions.js changed, reloading triggers"}}
[debug] [2020-09-29T23:04:42.403Z] [worker-pool] Shutting down IDLE worker (~diagnostic~) {"metadata":{"emulator":{"name":"functions"},"message":"[worker-pool] Shutting down IDLE worker (~diagnostic~)"}}
[debug] [2020-09-29T23:04:42.403Z] [worker-~diagnostic~-16beea01-09e2-401a-af5a-a8518b57fa12]: FINISHING {"metadata":{"emulator":{"name":"functions"},"message":"[worker-~diagnostic~-16beea01-09e2-401a-af5a-a8518b57fa12]: FINISHING"}}
[debug] [2020-09-29T23:04:42.411Z] [worker-pool] addWorker(~diagnostic~) {"metadata":{"emulator":{"name":"functions"},"message":"[worker-pool] addWorker(~diagnostic~)"}}
[debug] [2020-09-29T23:04:42.412Z] [worker-pool] Adding worker with key ~diagnostic~, total=2 {"metadata":{"emulator":{"name":"functions"},"message":"[worker-pool] Adding worker with key ~diagnostic~, total=2"}}
[debug] [2020-09-29T23:04:42.412Z] [worker-pool] submitWork(triggerId=) {"metadata":{"emulator":{"name":"functions"},"message":"[worker-pool] submitWork(triggerId=)"}}
[debug] [2020-09-29T23:04:42.412Z] [worker-~diagnostic~-1ea2aef7-7b3c-4404-ad79-8637ccb49263]: Assigning socketPath: /var/folders/2t/psj9l4bj175bfpmldx_82xzh0000gn/T/fire_emu_90541.sock {"metadata":{"emulator":{"name":"functions"},"message":"[worker-~diagnostic~-1ea2aef7-7b3c-4404-ad79-8637ccb49263]: Assigning socketPath: /var/folders/2t/psj9l4bj175bfpmldx_82xzh0000gn/T/fire_emu_90541.sock"}}
[debug] [2020-09-29T23:04:42.412Z] [worker-~diagnostic~-1ea2aef7-7b3c-4404-ad79-8637ccb49263]: BUSY {"metadata":{"emulator":{"name":"functions"},"message":"[worker-~diagnostic~-1ea2aef7-7b3c-4404-ad79-8637ccb49263]: BUSY"}}
[debug] [2020-09-29T23:04:42.414Z] [worker-~diagnostic~-16beea01-09e2-401a-af5a-a8518b57fa12]: exited {"metadata":{"emulator":{"name":"functions"},"message":"[worker-~diagnostic~-16beea01-09e2-401a-af5a-a8518b57fa12]: exited"}}
[debug] [2020-09-29T23:04:42.414Z] [worker-~diagnostic~-16beea01-09e2-401a-af5a-a8518b57fa12]: FINISHED {"metadata":{"emulator":{"name":"functions"},"message":"[worker-~diagnostic~-16beea01-09e2-401a-af5a-a8518b57fa12]: FINISHED"}}
[debug] [2020-09-29T23:04:42.688Z] [runtime-status] [90541] Functions runtime initialized. {"cwd":"/Users/jacobhammerle/Desktop/slushie/functions","node_version":"12.14.1"} {"metadata":{"emulator":{"name":"functions"},"message":"[runtime-status] [90541] Functions runtime initialized. {\"cwd\":\"/Users/jacobhammerle/Desktop/slushie/functions\",\"node_version\":\"12.14.1\"}"}}
[debug] [2020-09-29T23:04:42.690Z] [runtime-status] [90541] Disabled runtime features: undefined {"metadata":{"emulator":{"name":"functions"},"message":"[runtime-status] [90541] Disabled runtime features: undefined"}}
[debug] [2020-09-29T23:04:42.692Z] [runtime-status] [90541] Resolved module firebase-admin {"declared":true,"installed":true,"version":"8.13.0","resolution":"/Users/jacobhammerle/Desktop/slushie/functions/node_modules/firebase-admin/lib/index.js"} {"metadata":{"emulator":{"name":"functions"},"message":"[runtime-status] [90541] Resolved module firebase-admin {\"declared\":true,\"installed\":true,\"version\":\"8.13.0\",\"resolution\":\"/Users/jacobhammerle/Desktop/slushie/functions/node_modules/firebase-admin/lib/index.js\"}"}}
[debug] [2020-09-29T23:04:42.694Z] [runtime-status] [90541] Resolved module firebase-functions {"declared":true,"installed":true,"version":"3.11.0","resolution":"/Users/jacobhammerle/Desktop/slushie/functions/node_modules/firebase-functions/lib/index.js"} {"metadata":{"emulator":{"name":"functions"},"message":"[runtime-status] [90541] Resolved module firebase-functions {\"declared\":true,\"installed\":true,\"version\":\"3.11.0\",\"resolution\":\"/Users/jacobhammerle/Desktop/slushie/functions/node_modules/firebase-functions/lib/index.js\"}"}}
[debug] [2020-09-29T23:04:42.694Z] [runtime-status] [90541] Resolved module firebase-functions {"declared":true,"installed":true,"version":"3.11.0","resolution":"/Users/jacobhammerle/Desktop/slushie/functions/node_modules/firebase-functions/lib/index.js"} {"metadata":{"emulator":{"name":"functions"},"message":"[runtime-status] [90541] Resolved module firebase-functions {\"declared\":true,\"installed\":true,\"version\":\"3.11.0\",\"resolution\":\"/Users/jacobhammerle/Desktop/slushie/functions/node_modules/firebase-functions/lib/index.js\"}"}}
[debug] [2020-09-29T23:04:42.695Z] [runtime-status] [90541] Outgoing network have been stubbed. [{"name":"http","status":"mocked"},{"name":"http","status":"mocked"},{"name":"https","status":"mocked"},{"name":"https","status":"mocked"},{"name":"net","status":"mocked"}] {"metadata":{"emulator":{"name":"functions"},"message":"[runtime-status] [90541] Outgoing network have been stubbed. [{\"name\":\"http\",\"status\":\"mocked\"},{\"name\":\"http\",\"status\":\"mocked\"},{\"name\":\"https\",\"status\":\"mocked\"},{\"name\":\"https\",\"status\":\"mocked\"},{\"name\":\"net\",\"status\":\"mocked\"}]"}}
[debug] [2020-09-29T23:04:42.696Z] [runtime-status] [90541] Resolved module firebase-functions {"declared":true,"installed":true,"version":"3.11.0","resolution":"/Users/jacobhammerle/Desktop/slushie/functions/node_modules/firebase-functions/lib/index.js"} {"metadata":{"emulator":{"name":"functions"},"message":"[runtime-status] [90541] Resolved module firebase-functions {\"declared\":true,\"installed\":true,\"version\":\"3.11.0\",\"resolution\":\"/Users/jacobhammerle/Desktop/slushie/functions/node_modules/firebase-functions/lib/index.js\"}"}}
[debug] [2020-09-29T23:04:42.725Z] [runtime-status] [90541] Checked functions.config() {"config":{}} {"metadata":{"emulator":{"name":"functions"},"message":"[runtime-status] [90541] Checked functions.config() {\"config\":{}}"}}
[debug] [2020-09-29T23:04:42.726Z] [runtime-status] [90541] firebase-functions has been stubbed. {"functionsResolution":{"declared":true,"installed":true,"version":"3.11.0","resolution":"/Users/jacobhammerle/Desktop/slushie/functions/node_modules/firebase-functions/lib/index.js"}} {"metadata":{"emulator":{"name":"functions"},"message":"[runtime-status] [90541] firebase-functions has been stubbed. {\"functionsResolution\":{\"declared\":true,\"installed\":true,\"version\":\"3.11.0\",\"resolution\":\"/Users/jacobhammerle/Desktop/slushie/functions/node_modules/firebase-functions/lib/index.js\"}}"}}
[debug] [2020-09-29T23:04:42.726Z] [runtime-status] [90541] Resolved module firebase-functions {"declared":true,"installed":true,"version":"3.11.0","resolution":"/Users/jacobhammerle/Desktop/slushie/functions/node_modules/firebase-functions/lib/index.js"} {"metadata":{"emulator":{"name":"functions"},"message":"[runtime-status] [90541] Resolved module firebase-functions {\"declared\":true,\"installed\":true,\"version\":\"3.11.0\",\"resolution\":\"/Users/jacobhammerle/Desktop/slushie/functions/node_modules/firebase-functions/lib/index.js\"}"}}
[debug] [2020-09-29T23:04:42.727Z] [runtime-status] [90541] Resolved module firebase-admin {"declared":true,"installed":true,"version":"8.13.0","resolution":"/Users/jacobhammerle/Desktop/slushie/functions/node_modules/firebase-admin/lib/index.js"} {"metadata":{"emulator":{"name":"functions"},"message":"[runtime-status] [90541] Resolved module firebase-admin {\"declared\":true,\"installed\":true,\"version\":\"8.13.0\",\"resolution\":\"/Users/jacobhammerle/Desktop/slushie/functions/node_modules/firebase-admin/lib/index.js\"}"}}
[debug] [2020-09-29T23:04:42.727Z] [runtime-status] [90541] Resolved module firebase-functions {"declared":true,"installed":true,"version":"3.11.0","resolution":"/Users/jacobhammerle/Desktop/slushie/functions/node_modules/firebase-functions/lib/index.js"} {"metadata":{"emulator":{"name":"functions"},"message":"[runtime-status] [90541] Resolved module firebase-functions {\"declared\":true,\"installed\":true,\"version\":\"3.11.0\",\"resolution\":\"/Users/jacobhammerle/Desktop/slushie/functions/node_modules/firebase-functions/lib/index.js\"}"}}
[debug] [2020-09-29T23:04:42.727Z] [runtime-status] [90541] firebase-admin has been stubbed. {"adminResolution":{"declared":true,"installed":true,"version":"8.13.0","resolution":"/Users/jacobhammerle/Desktop/slushie/functions/node_modules/firebase-admin/lib/index.js"}} {"metadata":{"emulator":{"name":"functions"},"message":"[runtime-status] [90541] firebase-admin has been stubbed. {\"adminResolution\":{\"declared\":true,\"installed\":true,\"version\":\"8.13.0\",\"resolution\":\"/Users/jacobhammerle/Desktop/slushie/functions/node_modules/firebase-admin/lib/index.js\"}}"}}
[debug] [2020-09-29T23:04:42.767Z] [worker-~diagnostic~-1ea2aef7-7b3c-4404-ad79-8637ccb49263]: IDLE {"metadata":{"emulator":{"name":"functions"},"message":"[worker-~diagnostic~-1ea2aef7-7b3c-4404-ad79-8637ccb49263]: IDLE"}}
[debug] [2020-09-29T23:04:52.133Z] [work-queue] {"queueLength":1,"workRunningCount":0}
[debug] [2020-09-29T23:04:52.134Z] [work-queue] {"queueLength":0,"workRunningCount":1}
[debug] [2020-09-29T23:04:52.134Z] Accepted request GET /slushie-314/us-central1/getUserTransactions?id=bNxDUWOwnsdyBAxJo1tsdgCMJDB2 --> getUserTransactions
[debug] [2020-09-29T23:04:52.134Z] [worker-pool] Cleaned up workers for ~diagnostic~: 2 --> 1 {"metadata":{"emulator":{"name":"functions"},"message":"[worker-pool] Cleaned up workers for ~diagnostic~: 2 --> 1"}}
[debug] [2020-09-29T23:04:52.139Z] [worker-pool] addWorker(getUserTransactions) {"metadata":{"emulator":{"name":"functions"},"message":"[worker-pool] addWorker(getUserTransactions)"}}
[debug] [2020-09-29T23:04:52.140Z] [worker-pool] Adding worker with key getUserTransactions, total=1 {"metadata":{"emulator":{"name":"functions"},"message":"[worker-pool] Adding worker with key getUserTransactions, total=1"}}
[debug] [2020-09-29T23:04:52.140Z] [worker-pool] submitWork(triggerId=getUserTransactions) {"metadata":{"emulator":{"name":"functions"},"message":"[worker-pool] submitWork(triggerId=getUserTransactions)"}}
[debug] [2020-09-29T23:04:52.140Z] [worker-getUserTransactions-9aa1acba-f093-4a6f-9dd5-8db7305d9579]: Assigning socketPath: /var/folders/2t/psj9l4bj175bfpmldx_82xzh0000gn/T/fire_emu_90548.sock {"metadata":{"emulator":{"name":"functions"},"message":"[worker-getUserTransactions-9aa1acba-f093-4a6f-9dd5-8db7305d9579]: Assigning socketPath: /var/folders/2t/psj9l4bj175bfpmldx_82xzh0000gn/T/fire_emu_90548.sock"}}
[debug] [2020-09-29T23:04:52.140Z] [worker-getUserTransactions-9aa1acba-f093-4a6f-9dd5-8db7305d9579]: BUSY {"metadata":{"emulator":{"name":"functions"},"message":"[worker-getUserTransactions-9aa1acba-f093-4a6f-9dd5-8db7305d9579]: BUSY"}}
[debug] [2020-09-29T23:04:52.388Z] [runtime-status] [90548] Functions runtime initialized. {"cwd":"/Users/jacobhammerle/Desktop/slushie/functions","node_version":"12.14.1"} {"metadata":{"emulator":{"name":"functions"},"function":{"name":"getUserTransactions"},"message":"[runtime-status] [90548] Functions runtime initialized. {\"cwd\":\"/Users/jacobhammerle/Desktop/slushie/functions\",\"node_version\":\"12.14.1\"}"}}
[debug] [2020-09-29T23:04:52.389Z] [runtime-status] [90548] Disabled runtime features: undefined {"metadata":{"emulator":{"name":"functions"},"function":{"name":"getUserTransactions"},"message":"[runtime-status] [90548] Disabled runtime features: undefined"}}
[debug] [2020-09-29T23:04:52.391Z] [runtime-status] [90548] Resolved module firebase-admin {"declared":true,"installed":true,"version":"8.13.0","resolution":"/Users/jacobhammerle/Desktop/slushie/functions/node_modules/firebase-admin/lib/index.js"} {"metadata":{"emulator":{"name":"functions"},"function":{"name":"getUserTransactions"},"message":"[runtime-status] [90548] Resolved module firebase-admin {\"declared\":true,\"installed\":true,\"version\":\"8.13.0\",\"resolution\":\"/Users/jacobhammerle/Desktop/slushie/functions/node_modules/firebase-admin/lib/index.js\"}"}}
[debug] [2020-09-29T23:04:52.392Z] [runtime-status] [90548] Resolved module firebase-functions {"declared":true,"installed":true,"version":"3.11.0","resolution":"/Users/jacobhammerle/Desktop/slushie/functions/node_modules/firebase-functions/lib/index.js"} {"metadata":{"emulator":{"name":"functions"},"function":{"name":"getUserTransactions"},"message":"[runtime-status] [90548] Resolved module firebase-functions {\"declared\":true,\"installed\":true,\"version\":\"3.11.0\",\"resolution\":\"/Users/jacobhammerle/Desktop/slushie/functions/node_modules/firebase-functions/lib/index.js\"}"}}
[debug] [2020-09-29T23:04:52.393Z] [runtime-status] [90548] Resolved module firebase-functions {"declared":true,"installed":true,"version":"3.11.0","resolution":"/Users/jacobhammerle/Desktop/slushie/functions/node_modules/firebase-functions/lib/index.js"} {"metadata":{"emulator":{"name":"functions"},"function":{"name":"getUserTransactions"},"message":"[runtime-status] [90548] Resolved module firebase-functions {\"declared\":true,\"installed\":true,\"version\":\"3.11.0\",\"resolution\":\"/Users/jacobhammerle/Desktop/slushie/functions/node_modules/firebase-functions/lib/index.js\"}"}}
[debug] [2020-09-29T23:04:52.395Z] [runtime-status] [90548] Outgoing network have been stubbed. [{"name":"http","status":"mocked"},{"name":"http","status":"mocked"},{"name":"https","status":"mocked"},{"name":"https","status":"mocked"},{"name":"net","status":"mocked"}] {"metadata":{"emulator":{"name":"functions"},"function":{"name":"getUserTransactions"},"message":"[runtime-status] [90548] Outgoing network have been stubbed. [{\"name\":\"http\",\"status\":\"mocked\"},{\"name\":\"http\",\"status\":\"mocked\"},{\"name\":\"https\",\"status\":\"mocked\"},{\"name\":\"https\",\"status\":\"mocked\"},{\"name\":\"net\",\"status\":\"mocked\"}]"}}
[debug] [2020-09-29T23:04:52.395Z] [runtime-status] [90548] Resolved module firebase-functions {"declared":true,"installed":true,"version":"3.11.0","resolution":"/Users/jacobhammerle/Desktop/slushie/functions/node_modules/firebase-functions/lib/index.js"} {"metadata":{"emulator":{"name":"functions"},"function":{"name":"getUserTransactions"},"message":"[runtime-status] [90548] Resolved module firebase-functions {\"declared\":true,\"installed\":true,\"version\":\"3.11.0\",\"resolution\":\"/Users/jacobhammerle/Desktop/slushie/functions/node_modules/firebase-functions/lib/index.js\"}"}}
[debug] [2020-09-29T23:04:52.424Z] [runtime-status] [90548] Checked functions.config() {"config":{}} {"metadata":{"emulator":{"name":"functions"},"function":{"name":"getUserTransactions"},"message":"[runtime-status] [90548] Checked functions.config() {\"config\":{}}"}}
[debug] [2020-09-29T23:04:52.424Z] [runtime-status] [90548] firebase-functions has been stubbed. {"functionsResolution":{"declared":true,"installed":true,"version":"3.11.0","resolution":"/Users/jacobhammerle/Desktop/slushie/functions/node_modules/firebase-functions/lib/index.js"}} {"metadata":{"emulator":{"name":"functions"},"function":{"name":"getUserTransactions"},"message":"[runtime-status] [90548] firebase-functions has been stubbed. {\"functionsResolution\":{\"declared\":true,\"installed\":true,\"version\":\"3.11.0\",\"resolution\":\"/Users/jacobhammerle/Desktop/slushie/functions/node_modules/firebase-functions/lib/index.js\"}}"}}
[debug] [2020-09-29T23:04:52.425Z] [runtime-status] [90548] Resolved module firebase-functions {"declared":true,"installed":true,"version":"3.11.0","resolution":"/Users/jacobhammerle/Desktop/slushie/functions/node_modules/firebase-functions/lib/index.js"} {"metadata":{"emulator":{"name":"functions"},"function":{"name":"getUserTransactions"},"message":"[runtime-status] [90548] Resolved module firebase-functions {\"declared\":true,\"installed\":true,\"version\":\"3.11.0\",\"resolution\":\"/Users/jacobhammerle/Desktop/slushie/functions/node_modules/firebase-functions/lib/index.js\"}"}}
[debug] [2020-09-29T23:04:52.425Z] [runtime-status] [90548] Resolved module firebase-admin {"declared":true,"installed":true,"version":"8.13.0","resolution":"/Users/jacobhammerle/Desktop/slushie/functions/node_modules/firebase-admin/lib/index.js"} {"metadata":{"emulator":{"name":"functions"},"function":{"name":"getUserTransactions"},"message":"[runtime-status] [90548] Resolved module firebase-admin {\"declared\":true,\"installed\":true,\"version\":\"8.13.0\",\"resolution\":\"/Users/jacobhammerle/Desktop/slushie/functions/node_modules/firebase-admin/lib/index.js\"}"}}
[debug] [2020-09-29T23:04:52.426Z] [runtime-status] [90548] Resolved module firebase-functions {"declared":true,"installed":true,"version":"3.11.0","resolution":"/Users/jacobhammerle/Desktop/slushie/functions/node_modules/firebase-functions/lib/index.js"} {"metadata":{"emulator":{"name":"functions"},"function":{"name":"getUserTransactions"},"message":"[runtime-status] [90548] Resolved module firebase-functions {\"declared\":true,\"installed\":true,\"version\":\"3.11.0\",\"resolution\":\"/Users/jacobhammerle/Desktop/slushie/functions/node_modules/firebase-functions/lib/index.js\"}"}}
[debug] [2020-09-29T23:04:52.426Z] [runtime-status] [90548] firebase-admin has been stubbed. {"adminResolution":{"declared":true,"installed":true,"version":"8.13.0","resolution":"/Users/jacobhammerle/Desktop/slushie/functions/node_modules/firebase-admin/lib/index.js"}} {"metadata":{"emulator":{"name":"functions"},"function":{"name":"getUserTransactions"},"message":"[runtime-status] [90548] firebase-admin has been stubbed. {\"adminResolution\":{\"declared\":true,\"installed\":true,\"version\":\"8.13.0\",\"resolution\":\"/Users/jacobhammerle/Desktop/slushie/functions/node_modules/firebase-admin/lib/index.js\"}}"}}
[debug] [2020-09-29T23:04:52.460Z] [runtime-status] [90548] Trigger "getUserTransactions" has been found, beginning invocation! {"metadata":{"emulator":{"name":"functions"},"function":{"name":"getUserTransactions"},"message":"[runtime-status] [90548] Trigger \"getUserTransactions\" has been found, beginning invocation!"}}
[info] i  functions: Beginning execution of "getUserTransactions" {"metadata":{"emulator":{"name":"functions"},"function":{"name":"getUserTransactions"},"message":"Beginning execution of \"getUserTransactions\""}}
[debug] [2020-09-29T23:04:52.461Z] [runtime-status] [90548] triggerDefinition {"httpsTrigger":{},"name":"getUserTransactions","entryPoint":"getUserTransactions"} {"metadata":{"emulator":{"name":"functions"},"function":{"name":"getUserTransactions"},"message":"[runtime-status] [90548] triggerDefinition {\"httpsTrigger\":{},\"name\":\"getUserTransactions\",\"entryPoint\":\"getUserTransactions\"}"}}
[debug] [2020-09-29T23:04:52.461Z] [runtime-status] [90548] Running getUserTransactions in mode HTTPS {"metadata":{"emulator":{"name":"functions"},"function":{"name":"getUserTransactions"},"message":"[runtime-status] [90548] Running getUserTransactions in mode HTTPS"}}
[debug] [2020-09-29T23:04:52.464Z] [runtime-status] [90548] Attempting to listen to socketPath: /var/folders/2t/psj9l4bj175bfpmldx_82xzh0000gn/T/fire_emu_90548.sock {"metadata":{"emulator":{"name":"functions"},"function":{"name":"getUserTransactions"},"message":"[runtime-status] [90548] Attempting to listen to socketPath: /var/folders/2t/psj9l4bj175bfpmldx_82xzh0000gn/T/fire_emu_90548.sock"}}
[debug] [2020-09-29T23:04:52.467Z] [functions] Runtime ready! Sending request! {"metadata":{"emulator":{"name":"functions"},"message":"[functions] Runtime ready! Sending request!"}}
[debug] [2020-09-29T23:04:52.475Z] [runtime-status] [90548] Ephemeral server handling GET request {"metadata":{"emulator":{"name":"functions"},"function":{"name":"getUserTransactions"},"message":"[runtime-status] [90548] Ephemeral server handling GET request"}}
[debug] [2020-09-29T23:04:52.923Z] [runtime-status] [90548] Ephemeral server survived. {"metadata":{"emulator":{"name":"functions"},"function":{"name":"getUserTransactions"},"message":"[runtime-status] [90548] Ephemeral server survived."}}
[info] i  functions: Finished "getUserTransactions" in ~1s {"metadata":{"emulator":{"name":"functions"},"function":{"name":"getUserTransactions"},"message":"Finished \"getUserTransactions\" in ~1s"}}
[debug] [2020-09-29T23:04:52.924Z] [worker-getUserTransactions-9aa1acba-f093-4a6f-9dd5-8db7305d9579]: IDLE {"metadata":{"emulator":{"name":"functions"},"message":"[worker-getUserTransactions-9aa1acba-f093-4a6f-9dd5-8db7305d9579]: IDLE"}}
[debug] [2020-09-29T23:04:52.924Z] [work-queue] {"queueLength":0,"workRunningCount":0}
